TN:
SF:/mnt/c/Users/nadim/Documents/Imperial/SoftwareReliability/software-reliability-/solvers/solver1/clause.c
FN:12,init_chained_literal_from_int
FNDA:46306,init_chained_literal_from_int
FN:17,init_chained_literal
FNDA:3731,init_chained_literal
FN:22,init_chained_literal_next_from_int
FNDA:46306,init_chained_literal_next_from_int
FN:32,init_chained_literal_next
FNDA:3731,init_chained_literal_next
FN:40,init_clause_empty
FNDA:16927,init_clause_empty
FN:48,init_clause_from_int
FNDA:0,init_clause_from_int
FN:61,init_clause_from_literals
FNDA:0,init_clause_from_literals
FN:85,ctoa
FNDA:0,ctoa
FN:105,copy_clause
FNDA:929,copy_clause
FN:131,merge
FNDA:929,merge
FN:175,diff
FNDA:0,diff
FN:199,remove_literal
FNDA:929,remove_literal
FN:237,add
FNDA:1576,add
FN:255,add_int
FNDA:46306,add_int
FN:273,get
FNDA:11859100,get
FN:300,check_var
FNDA:0,check_var
FN:314,is_empty
FNDA:47882,is_empty
FN:322,is_literal
FNDA:16668,is_literal
FN:327,delete_clause
FNDA:0,delete_clause
DA:12,46306
DA:13,46306
DA:17,3731
DA:18,3731
DA:22,46306
DA:23,46306
DA:26,46306
DA:27,46306
DA:28,46306
DA:32,3731
DA:33,3731
DA:34,3731
DA:35,3731
DA:36,3731
DA:40,16927
DA:41,16927
DA:42,16927
DA:43,16927
DA:44,16927
DA:48,0
DA:50,0
DA:53,0
DA:54,0
DA:57,0
DA:61,0
DA:62,0
DA:64,0
DA:65,0
DA:67,0
DA:69,0
DA:70,0
DA:72,0
DA:75,0
DA:76,0
DA:78,0
DA:81,0
DA:85,0
DA:86,0
DA:87,0
DA:89,0
DA:90,0
DA:91,0
DA:92,0
DA:93,0
DA:95,0
DA:98,0
DA:105,929
DA:106,929
DA:108,929
DA:109,929
DA:110,929
DA:111,3084
DA:112,2155
DA:113,2155
DA:114,929
DA:116,1226
DA:117,2155
DA:118,2155
DA:121,929
DA:122,929
DA:124,929
DA:131,929
DA:132,929
DA:134,929
DA:137,929
DA:138,3813
DA:139,2884
DA:140,2884
DA:141,2884
DA:142,9470
DA:143,6586
DA:144,6586
DA:145,6586
DA:147,6586
DA:148,929
DA:149,929
DA:150,929
DA:153,6586
DA:154,6586
DA:155,6586
DA:159,2884
DA:160,1576
DA:162,2884
DA:164,929
DA:165,0
DA:166,0
DA:168,929
DA:175,0
DA:176,0
DA:179,0
DA:180,0
DA:181,0
DA:183,0
DA:184,0
DA:185,0
DA:187,0
DA:189,0
DA:192,0
DA:199,929
DA:200,929
DA:203,929
DA:204,584
DA:205,584
DA:206,584
DA:209,345
DA:210,345
DA:212,345
DA:214,372
DA:216,372
DA:218,345
DA:220,345
DA:222,345
DA:225,27
DA:226,27
DA:227,27
DA:230,0
DA:237,1576
DA:238,1576
DA:239,1576
DA:240,0
DA:242,1576
DA:243,3403
DA:244,1827
DA:246,1576
DA:248,1576
DA:249,1576
DA:255,46306
DA:256,46306
DA:257,46306
DA:258,15998
DA:260,30308
DA:261,105021
DA:262,74713
DA:264,30308
DA:266,46306
DA:267,46306
DA:273,11859100
DA:279,11859100
DA:283,0
DA:286,11859100
DA:287,22755100
DA:288,10896000
DA:289,10896000
DA:296,11859100
DA:300,0
DA:301,0
DA:302,0
DA:303,0
DA:305,0
DA:307,0
DA:314,47882
DA:315,47882
DA:322,16668
DA:323,16668
DA:327,0
DA:329,0
DA:330,0
DA:331,0
DA:332,0
DA:333,0
DA:335,0
DA:336,0
end_of_record
TN:
SF:/mnt/c/Users/nadim/Documents/Imperial/SoftwareReliability/software-reliability-/solvers/solver1/conflict.c
FN:14,get_implied_lit
FNDA:1561,get_implied_lit
FN:59,learn_clause
FNDA:670,learn_clause
FN:107,get_backtracking_level
FNDA:670,get_backtracking_level
FN:155,backtrack
FNDA:670,backtrack
FN:183,analyze_conflict
FNDA:670,analyze_conflict
DA:14,1561
DA:17,1561
DA:18,1561
DA:20,1561
DA:22,5518
DA:23,3957
DA:24,3957
DA:25,0
DA:27,0
DA:29,3957
DA:31,3957
DA:32,1452
DA:33,1452
DA:35,2505
DA:37,11461
DA:38,11216
DA:39,2260
DA:40,2260
DA:44,2505
DA:53,929
DA:54,2490
DA:59,670
DA:61,670
DA:62,0
DA:63,0
DA:68,670
DA:69,670
DA:70,670
DA:72,1599
DA:73,1561
DA:74,1561
DA:76,1561
DA:79,632
DA:81,929
DA:82,0
DA:84,929
DA:86,929
DA:87,929
DA:91,929
DA:92,0
DA:94,929
DA:97,929
DA:98,0
DA:101,38
DA:102,38
DA:107,670
DA:109,670
DA:110,0
DA:112,0
DA:115,670
DA:116,0
DA:118,0
DA:120,670
DA:121,1161
DA:122,387
DA:123,387
DA:126,283
DA:127,283
DA:128,283
DA:129,1023
DA:130,740
DA:131,740
DA:132,0
DA:134,0
DA:136,740
DA:140,740
DA:141,457
DA:142,348
DA:143,392
DA:144,283
DA:145,283
DA:147,740
DA:149,283
DA:150,283
DA:155,670
DA:157,670
DA:158,0
DA:160,0
DA:163,670
DA:164,387
DA:166,670
DA:167,169289
DA:168,168619
DA:170,168619
DA:171,986764
DA:172,818145
DA:173,818145
DA:174,818145
DA:177,670
DA:178,283
DA:179,670
DA:183,670
DA:185,670
DA:187,670
DA:188,670
DA:190,670
DA:191,0
DA:194,0
DA:196,670
DA:197,670
DA:199,670
end_of_record
TN:
SF:/mnt/c/Users/nadim/Documents/Imperial/SoftwareReliability/software-reliability-/solvers/solver1/decision.c
FN:7,init_node
FNDA:3276330,init_node
FN:19,rotate_right
FNDA:1160240,rotate_right
FN:33,rotate_left
FNDA:3243580,rotate_left
FN:47,get_height
FNDA:632032000,get_height
FN:52,get_balance
FNDA:130596000,get_balance
FN:63,insert_literal
FNDA:67156700,insert_literal
FN:94,find_min
FNDA:0,find_min
FN:104,remove_node
FNDA:514050,remove_node
FN:136,delete_literal
FNDA:68049300,delete_literal
FN:176,extract_max
FNDA:909017,extract_max
DA:7,3276330
DA:9,3276330
DA:10,3276330
DA:11,3276330
DA:12,3276330
DA:13,3276330
DA:14,3276330
DA:15,3276330
DA:19,1160240
DA:21,1160240
DA:22,1160240
DA:23,1160240
DA:25,1160240
DA:26,1160240
DA:27,1160240
DA:28,1160240
DA:29,1160240
DA:30,1160240
DA:33,3243580
DA:35,3243580
DA:36,3243580
DA:37,3243580
DA:39,3243580
DA:40,3243580
DA:41,3243580
DA:42,3243580
DA:43,3243580
DA:44,3243580
DA:47,632032000
DA:49,632032000
DA:52,130596000
DA:54,130596000
DA:55,3958
DA:57,130592000
DA:58,130592000
DA:59,130592000
DA:63,67156700
DA:65,67156700
DA:66,3276330
DA:67,3276330
DA:70,63880400
DA:71,45434000
DA:73,18446300
DA:75,63880400
DA:76,63880400
DA:77,63880400
DA:78,63880400
DA:79,63880400
DA:80,8728
DA:81,63871600
DA:82,664436
DA:83,664436
DA:84,63207200
DA:85,2539930
DA:86,60667300
DA:87,14094
DA:88,14094
DA:90,63880400
DA:94,0
DA:96,0
DA:97,0
DA:98,0
DA:100,0
DA:104,514050
DA:106,514050
DA:107,0
DA:109,514050
DA:110,135097
DA:113,378953
DA:114,0
DA:119,378953
DA:120,251592
DA:121,251592
DA:122,251592
DA:123,251592
DA:124,251592
DA:125,127361
DA:126,112785
DA:127,112785
DA:129,14576
DA:130,14576
DA:132,127361
DA:136,68049300
DA:138,68049300
DA:139,3111470
DA:141,64937800
DA:142,43026400
DA:143,42512300
DA:145,514050
DA:146,21911500
DA:147,21911500
DA:149,0
DA:152,64937800
DA:153,135097
DA:156,64802700
DA:158,64802700
DA:160,64802700
DA:161,142535
DA:162,64660200
DA:163,5207
DA:164,5207
DA:165,64655000
DA:166,14913
DA:167,64640100
DA:168,4998
DA:169,4998
DA:172,64802700
DA:176,909017
DA:178,909017
DA:179,909017
DA:180,909017
DA:181,909017
DA:182,909017
DA:183,909017
DA:185,8327960
DA:186,7418950
DA:187,7418950
DA:188,7418950
DA:189,7418950
DA:190,7418950
DA:192,909017
DA:194,909017
DA:195,24078
DA:196,24078
DA:197,884939
DA:198,17499
DA:199,17499
DA:200,17499
DA:201,867440
DA:202,412052
DA:203,412052
DA:205,455388
DA:208,8286390
DA:209,7418950
DA:213,867440
DA:214,867440
DA:216,867440
DA:217,320242
DA:218,547198
DA:219,0
DA:220,0
DA:223,867440
end_of_record
TN:
SF:/mnt/c/Users/nadim/Documents/Imperial/SoftwareReliability/software-reliability-/solvers/solver1/formula.c
FN:17,init_unassigned_table
FNDA:5,init_unassigned_table
FN:37,init_learnt_clauses
FNDA:5,init_learnt_clauses
FN:49,init_formula_empty
FNDA:5,init_formula_empty
FN:60,init_formula_from_strings
FNDA:0,init_formula_from_strings
FN:96,init_formula_from_file
FNDA:5,init_formula_from_file
FN:164,init_assignments
FNDA:5,init_assignments
FN:178,init_assignment_tracker
FNDA:5,init_assignment_tracker
FN:188,init_formula_from_clauses
FNDA:5,init_formula_from_clauses
FN:223,ftoa
FNDA:0,ftoa
FN:255,get_all_clauses
FNDA:0,get_all_clauses
FN:274,assign
FNDA:827955,assign
FN:323,revoke_assignment
FNDA:818145,revoke_assignment
FN:355,cancel
FNDA:818145,cancel
FN:402,add_learnt_clause
FNDA:670,add_learnt_clause
FN:433,decaying_sum
FNDA:370,decaying_sum
FN:464,update_scores
FNDA:370,update_scores
FN:486,delete_learnt_clauses
FNDA:5,delete_learnt_clauses
FN:497,delete_formula
FNDA:5,delete_formula
FN:512,add_w_clause
FNDA:73996,add_w_clause
FN:530,remove_w_clause
FNDA:0,remove_w_clause
DA:17,5
DA:19,5
DA:20,9815
DA:21,9810
DA:22,9810
DA:23,9810
DA:26,9810
DA:27,9810
DA:30,9810
DA:31,9810
DA:33,5
DA:37,5
DA:39,5
DA:40,5
DA:41,5
DA:42,5
DA:43,5
DA:44,5
DA:45,5
DA:49,5
DA:50,5
DA:51,5
DA:52,5
DA:53,5
DA:54,5
DA:55,5
DA:56,5
DA:60,0
DA:61,0
DA:62,0
DA:64,0
DA:65,0
DA:66,0
DA:68,0
DA:69,0
DA:70,0
DA:71,0
DA:72,0
DA:73,0
DA:74,0
DA:77,0
DA:78,0
DA:80,0
DA:82,0
DA:85,0
DA:86,0
DA:88,0
DA:89,0
DA:92,0
DA:96,5
DA:98,5
DA:99,5
DA:100,0
DA:101,0
DA:104,5
DA:105,5
DA:108,5
DA:110,5
DA:111,5
DA:114,5
DA:116,0
DA:117,5
DA:119,5
DA:122,0
DA:123,0
DA:125,5
DA:129,5
DA:130,5
DA:131,16003
DA:133,15998
DA:134,15998
DA:137,62304
DA:138,62304
DA:139,46306
DA:140,46306
DA:141,21237
DA:143,25069
DA:145,46306
DA:147,62304
DA:148,15998
DA:150,5
DA:153,5
DA:156,5
DA:157,5
DA:158,5
DA:159,5
DA:164,5
DA:168,5
DA:169,9815
DA:170,9810
DA:171,9810
DA:173,5
DA:178,5
DA:180,5
DA:182,5
DA:183,5
DA:188,5
DA:189,5
DA:190,5
DA:191,5
DA:192,5
DA:194,5
DA:195,5
DA:196,16003
DA:197,15998
DA:198,15998
DA:199,15998
DA:201,15998
DA:203,15998
DA:204,15998
DA:206,15998
DA:207,15998
DA:210,5
DA:211,5
DA:212,5
DA:213,5
DA:214,5
DA:215,5
DA:216,5
DA:217,5
DA:219,5
DA:223,0
DA:230,0
DA:231,0
DA:232,0
DA:233,0
DA:235,0
DA:236,0
DA:237,0
DA:238,0
DA:239,0
DA:240,0
DA:241,0
DA:242,0
DA:245,0
DA:255,0
DA:256,0
DA:258,0
DA:259,0
DA:260,0
DA:261,0
DA:262,0
DA:266,0
DA:274,827955
DA:276,827955
DA:277,827955
DA:278,827955
DA:279,0
DA:281,0
DA:284,827955
DA:286,827955
DA:287,0
DA:289,0
DA:293,827955
DA:294,827955
DA:295,827955
DA:296,827955
DA:297,827955
DA:298,827955
DA:300,827955
DA:302,827955
DA:304,827955
DA:305,827955
DA:306,827955
DA:307,827955
DA:309,1655910
DA:310,827955
DA:311,827955
DA:312,827955
DA:313,827955
DA:314,172041
DA:316,655914
DA:318,827955
DA:319,827955
DA:323,818145
DA:325,818145
DA:326,818145
DA:327,818145
DA:328,818145
DA:329,818145
DA:330,818145
DA:331,818145
DA:332,818145
DA:334,818145
DA:335,818145
DA:336,818145
DA:338,818145
DA:340,818145
DA:341,818145
DA:342,818145
DA:343,818145
DA:345,818145
DA:346,468959
DA:348,818145
DA:355,818145
DA:357,818145
DA:358,0
DA:360,818145
DA:361,0
DA:363,0
DA:366,1636290
DA:367,818145
DA:369,818145
DA:370,818145
DA:371,818145
DA:373,818145
DA:374,818145
DA:375,818145
DA:377,818145
DA:378,0
DA:379,0
DA:380,0
DA:381,0
DA:383,0
DA:384,0
DA:385,0
DA:386,0
DA:390,818145
DA:391,0
DA:394,0
DA:396,818145
DA:397,818145
DA:398,818145
DA:402,670
DA:404,670
DA:405,0
DA:407,0
DA:410,670
DA:411,0
DA:412,0
DA:415,670
DA:416,670
DA:417,300
DA:419,300
DA:420,300
DA:423,370
DA:424,6
DA:426,370
DA:428,370
DA:433,370
DA:435,984760
DA:436,984390
DA:437,984390
DA:439,984390
DA:441,984390
DA:442,984390
DA:444,984390
DA:446,984390
DA:449,984390
DA:450,984390
DA:452,984390
DA:454,984390
DA:457,984390
DA:458,984390
DA:460,370
DA:464,370
DA:466,370
DA:467,1197
DA:468,827
DA:470,827
DA:471,457
DA:472,457
DA:474,370
DA:475,370
DA:477,827
DA:479,827
DA:480,827
DA:482,370
DA:483,370
DA:486,5
DA:488,5
DA:489,0
DA:492,5
DA:493,5
DA:497,5
DA:499,5
DA:500,0
DA:502,5
DA:503,5
DA:504,5
DA:505,5
DA:506,5
DA:507,5
DA:508,5
DA:512,73996
DA:514,73996
DA:515,0
DA:517,0
DA:519,73996
DA:520,73996
DA:521,73996
DA:522,7816
DA:524,66180
DA:525,73996
DA:526,73996
DA:530,0
DA:532,0
DA:533,0
DA:535,0
DA:537,0
DA:539,0
DA:540,0
DA:542,0
DA:544,0
DA:546,0
DA:547,0
DA:548,0
DA:549,0
DA:551,0
DA:552,0
DA:553,0
DA:554,0
DA:555,0
DA:556,0
DA:557,0
DA:558,0
DA:560,0
DA:561,0
DA:562,0
DA:563,0
DA:564,0
end_of_record
TN:
SF:/mnt/c/Users/nadim/Documents/Imperial/SoftwareReliability/software-reliability-/solvers/solver1/literal.c
FN:13,init_literal
FNDA:46306,init_literal
FN:28,copy_literal
FNDA:0,copy_literal
FN:33,ltoi
FNDA:9810,ltoi
FN:38,ltoa
FNDA:9810,ltoa
FN:50,is_opposite
FNDA:8158780,is_opposite
FN:58,equals
FNDA:47734600,equals
FN:66,same_id
FNDA:57170200,same_id
DA:13,46306
DA:14,46306
DA:16,46306
DA:17,25069
DA:18,25069
DA:20,21237
DA:21,21237
DA:24,46306
DA:28,0
DA:29,0
DA:33,9810
DA:34,9810
DA:38,9810
DA:41,9810
DA:42,9810
DA:43,9810
DA:50,8158780
DA:51,8158780
DA:58,47734600
DA:59,47734600
DA:66,57170200
DA:67,57170200
end_of_record
TN:
SF:/mnt/c/Users/nadim/Documents/Imperial/SoftwareReliability/software-reliability-/solvers/solver1/sat.c
FN:464,proble4
FNDA:5,proble4
FN:467,termination_handler
FNDA:0,termination_handler
FN:473,main
FNDA:5,main
DA:464,5
DA:467,0
DA:469,0
DA:473,5
DA:474,5
DA:475,5
DA:476,5
DA:477,5
DA:478,5
DA:479,5
DA:480,5
DA:481,0
DA:482,0
DA:486,5
DA:488,5
end_of_record
TN:
SF:/mnt/c/Users/nadim/Documents/Imperial/SoftwareReliability/software-reliability-/solvers/solver1/solver.c
FN:25,reset
FNDA:172324,reset
FN:32,is_q_empty
FNDA:801157,is_q_empty
FN:37,is_full
FNDA:635097,is_full
FN:42,push
FNDA:635097,push
FN:53,pop
FNDA:629503,pop
FN:63,decide
FNDA:171659,decide
FN:103,bcp
FNDA:172324,bcp
FN:282,plp
FNDA:392,plp
FN:341,delete_bcp_output
FNDA:172324,delete_bcp_output
FN:350,return_sat
FNDA:5,return_sat
FN:357,return_unsat
FNDA:0,return_unsat
FN:364,solve
FNDA:5,solve
FN:413,report
FNDA:5,report
FN:431,sat
FNDA:5,sat
DA:25,172324
DA:27,172324
DA:28,172324
DA:29,172324
DA:30,172324
DA:32,801157
DA:33,801157
DA:37,635097
DA:38,635097
DA:42,635097
DA:43,635097
DA:44,635097
DA:45,0
DA:47,635097
DA:48,635097
DA:50,635097
DA:53,629503
DA:54,629503
DA:55,629503
DA:56,0
DA:58,629503
DA:59,629503
DA:63,171659
DA:66,171659
DA:67,171659
DA:68,5
DA:73,657425
DA:74,657425
DA:76,657425
DA:77,657425
DA:79,657425
DA:80,171654
DA:83,0
DA:103,172324
DA:109,172324
DA:110,172324
DA:111,172324
DA:114,172324
DA:115,172324
DA:116,172324
DA:119,801157
DA:120,629503
DA:121,629503
DA:123,629503
DA:125,629503
DA:126,153602
DA:129,475901
DA:134,172324
DA:135,172324
DA:140,303577
DA:144,475901
DA:145,475901
DA:152,475901
DA:153,4891740
DA:154,4416510
DA:159,4416510
DA:160,3150870
DA:161,3150870
DA:165,1265650
DA:166,1265650
DA:167,1265650
DA:169,1265650
DA:170,589242
DA:173,1265650
DA:174,1265650
DA:175,1265650
DA:177,1265650
DA:178,1265650
DA:179,3288710
DA:180,2786590
DA:181,2786590
DA:183,2786590
DA:184,2786590
DA:185,2786590
DA:186,2786590
DA:189,2786590
DA:192,763521
DA:198,763521
DA:201,2023070
DA:202,380624
DA:203,42000
DA:204,42000
DA:205,42000
DA:212,1981070
DA:213,1369820
DA:215,2023070
DA:216,2023070
DA:220,1265650
DA:221,763521
DA:222,763521
DA:225,502125
DA:230,670
DA:233,670
DA:234,670
DA:235,3375
DA:236,2705
DA:238,670
DA:239,670
DA:240,670
DA:242,670
DA:246,501455
DA:247,462773
DA:255,462773
DA:256,462773
DA:258,501455
DA:264,171654
DA:266,171654
DA:267,171654
DA:268,644850
DA:269,473196
DA:271,171654
DA:272,171654
DA:273,171654
DA:274,171654
DA:282,392
DA:295,392
DA:297,1220320
DA:298,1219930
DA:301,1999020
DA:302,1998620
DA:303,1998620
DA:304,7742800
DA:305,5744180
DA:307,5744180
DA:308,1219930
DA:309,1219930
DA:310,1219930
DA:311,841964
DA:312,841964
DA:313,841964
DA:314,590390
DA:315,590390
DA:316,590390
DA:317,3091900
DA:318,3091900
DA:320,5744180
DA:323,1220320
DA:324,1219930
DA:325,352054
DA:326,352054
DA:338,392
DA:341,172324
DA:343,172324
DA:344,0
DA:345,172324
DA:346,172324
DA:350,5
DA:352,5
DA:353,5
DA:357,0
DA:359,0
DA:360,0
DA:364,5
DA:366,5
DA:367,171654
DA:369,171659
DA:370,171659
DA:374,171659
DA:376,171659
DA:377,5
DA:379,670
DA:380,172324
DA:381,172324
DA:382,171654
DA:383,171654
DA:384,171654
DA:387,670
DA:388,0
DA:391,670
DA:392,670
DA:394,670
DA:395,670
DA:397,670
DA:398,387
DA:399,387
DA:402,670
DA:403,0
DA:404,0
DA:413,5
DA:415,5
DA:416,5
DA:417,0
DA:419,5
DA:420,9815
DA:421,9810
DA:422,9810
DA:423,9810
DA:424,9810
DA:426,5
DA:431,5
DA:433,5
DA:434,5
DA:435,0
DA:436,0
DA:439,5
DA:440,5
DA:441,5
DA:442,5
end_of_record
TN:
SF:/mnt/c/Users/nadim/Documents/Imperial/SoftwareReliability/software-reliability-/solvers/solver1/watched_clause.c
FN:14,init_watched_clause
FNDA:16668,init_watched_clause
FN:28,wtoa
FNDA:0,wtoa
FN:58,print_debug_w_clause
FNDA:0,print_debug_w_clause
FN:67,copy_watched_clause
FNDA:0,copy_watched_clause
FN:80,get_literals
FNDA:4416510,get_literals
FN:97,is_decidable
FNDA:0,is_decidable
FN:106,compare
FNDA:0,compare
FN:115,remove_watched
FNDA:0,remove_watched
FN:141,check_watched_clauses
FNDA:4416510,check_watched_clauses
FN:155,delete_watched_clause
FNDA:0,delete_watched_clause
DA:14,16668
DA:15,16668
DA:16,16668
DA:17,16668
DA:18,434
DA:19,16234
DA:20,16234
DA:21,16234
DA:24,16668
DA:28,0
DA:29,0
DA:30,0
DA:31,0
DA:33,0
DA:34,0
DA:35,0
DA:37,0
DA:38,0
DA:40,0
DA:43,0
DA:44,0
DA:46,0
DA:54,0
DA:58,0
DA:59,0
DA:60,0
DA:61,0
DA:62,0
DA:64,0
DA:67,0
DA:68,0
DA:70,0
DA:71,0
DA:73,0
DA:80,4416510
DA:82,4416510
DA:86,13249500
DA:87,8833020
DA:90,4416510
DA:97,0
DA:99,0
DA:106,0
DA:107,0
DA:115,0
DA:116,0
DA:119,0
DA:120,0
DA:121,0
DA:122,0
DA:123,0
DA:124,0
DA:125,0
DA:128,0
DA:132,0
DA:141,4416510
DA:142,4416510
DA:144,4416510
DA:145,4416510
DA:146,4416510
DA:149,4416510
DA:151,4416510
DA:155,0
DA:157,0
DA:158,0
DA:160,0
DA:161,0
end_of_record
TN:
SF:/mnt/c/Users/nadim/Documents/Imperial/SoftwareReliability/software-reliability-/solvers/solver2/clause.c
FN:4,CLAUSEnew
FNDA:8018,CLAUSEnew
FN:49,CLAUSEclean
FNDA:8018,CLAUSEclean
FN:67,CLAUSEremoveDuplicates
FNDA:8009,CLAUSEremoveDuplicates
FN:80,CLAUSEpropagate
FNDA:9002,CLAUSEpropagate
FN:124,CLAUSEreasonFor
FNDA:0,CLAUSEreasonFor
DA:4,8018
DA:5,8018
DA:6,8018
DA:7,9
DA:8,9
DA:11,8009
DA:14,8009
DA:15,0
DA:16,0
DA:19,8009
DA:20,26
DA:21,26
DA:23,7983
DA:24,7983
DA:25,7983
DA:26,7983
DA:27,7983
DA:29,7983
DA:30,0
DA:31,0
DA:32,0
DA:33,0
DA:34,0
DA:35,0
DA:38,0
DA:42,7983
DA:43,7983
DA:46,8009
DA:49,8018
DA:50,32628
DA:51,24619
DA:52,24619
DA:53,9
DA:54,9
DA:55,9
DA:56,9
DA:57,9
DA:58,24610
DA:59,11
DA:64,8009
DA:67,8009
DA:68,32609
DA:69,24600
DA:70,96074
DA:71,71474
DA:72,71474
DA:73,0
DA:74,0
DA:78,8009
DA:80,9002
DA:83,9002
DA:84,9002
DA:85,9002
DA:88,9002
DA:89,5647
DA:91,5647
DA:92,5647
DA:95,9002
DA:97,9002
DA:99,3168
DA:100,3168
DA:104,7827
DA:105,5581
DA:106,5581
DA:108,3588
DA:109,3588
DA:111,3588
DA:113,3588
DA:119,2246
DA:120,2246
DA:124,0
DA:127,0
DA:129,0
DA:130,0
DA:132,0
DA:134,0
DA:135,0
DA:136,0
DA:138,0
end_of_record
TN:
SF:/mnt/c/Users/nadim/Documents/Imperial/SoftwareReliability/software-reliability-/solvers/solver2/debugPrinter.c
FN:4,printFormula
FNDA:7907,printFormula
FN:14,printClause
FNDA:27006,printClause
FN:36,printDebugInt
FNDA:84621,printDebugInt
FN:41,printDebugVar
FNDA:13003,printDebugVar
FN:50,printDebugIntInt
FNDA:0,printDebugIntInt
FN:55,printDebugChar
FNDA:0,printDebugChar
FN:60,printDebug
FNDA:70494,printDebug
DA:4,7907
DA:12,7907
DA:14,27006
DA:34,27006
DA:36,84621
DA:39,84621
DA:41,13003
DA:48,13003
DA:50,0
DA:53,0
DA:55,0
DA:58,0
DA:60,70494
DA:64,70494
end_of_record
TN:
SF:/mnt/c/Users/nadim/Documents/Imperial/SoftwareReliability/software-reliability-/solvers/solver2/parser.c
FN:4,badFormatted
FNDA:0,badFormatted
FN:9,isSeparator
FNDA:174935,isSeparator
FN:23,skipLine
FNDA:0,skipLine
FN:31,checkStartSequence
FNDA:1,checkStartSequence
FN:57,readUntilSpace
FNDA:32654,readUntilSpace
FN:80,readNumberUntilSpace
FNDA:32654,readNumberUntilSpace
FN:104,makeOutput
FNDA:1,makeOutput
FN:164,readHeaderParameter
FNDA:2,readHeaderParameter
FN:174,PARSERinit
FNDA:1,PARSERinit
FN:184,PARSEheader
FNDA:1,PARSEheader
FN:191,PARSEformula
FNDA:1,PARSEformula
DA:4,0
DA:5,0
DA:6,0
DA:9,174935
DA:10,174935
DA:11,0
DA:12,174935
DA:13,0
DA:14,174935
DA:15,65308
DA:16,109627
DA:17,0
DA:18,109627
DA:19,0
DA:20,109627
DA:23,0
DA:26,0
DA:27,0
DA:28,0
DA:29,0
DA:31,1
DA:32,1
DA:36,6
DA:37,6
DA:38,6
DA:40,0
DA:41,0
DA:42,0
DA:43,0
DA:44,0
DA:45,0
DA:46,0
DA:48,0
DA:51,0
DA:54,6
DA:55,1
DA:57,32654
DA:58,32654
DA:61,142281
DA:62,142281
DA:63,0
DA:65,142281
DA:66,142281
DA:67,142281
DA:73,32654
DA:75,32654
DA:76,0
DA:78,32654
DA:80,32654
DA:82,32654
DA:84,32654
DA:86,32654
DA:87,8019
DA:90,32654
DA:91,32654
DA:97,32654
DA:98,0
DA:100,32654
DA:101,32654
DA:104,1
DA:107,1
DA:108,1
DA:110,1
DA:112,8019
DA:113,8018
DA:115,32652
DA:116,32652
DA:117,32652
DA:118,0
DA:121,32652
DA:122,24634
DA:123,24634
DA:124,24634
DA:125,235
DA:126,24634
DA:129,32652
DA:130,0
DA:131,32652
DA:132,0
DA:133,0
DA:135,0
DA:139,32652
DA:140,8018
DA:141,8018
DA:142,8018
DA:143,8018
DA:144,8018
DA:146,0
DA:149,0
DA:150,0
DA:155,1
DA:156,0
DA:158,1
DA:159,1
DA:161,1
DA:164,2
DA:165,2
DA:166,2
DA:167,2
DA:168,0
DA:169,2
DA:170,0
DA:171,2
DA:174,1
DA:177,1
DA:179,1
DA:181,1
DA:184,1
DA:186,1
DA:188,1
DA:189,1
DA:191,1
DA:192,1
DA:194,1
DA:196,1
DA:198,1
DA:200,0
DA:201,0
end_of_record
TN:
SF:/mnt/c/Users/nadim/Documents/Imperial/SoftwareReliability/software-reliability-/solvers/solver2/queue.c
FN:3,QUEUEnewElement
FNDA:5088,QUEUEnewElement
FN:11,QUEUEinit
FNDA:1,QUEUEinit
FN:20,QUEUEempty
FNDA:0,QUEUEempty
FN:25,QUEUEinsert
FNDA:5088,QUEUEinsert
FN:37,QUEUEdequeue
FNDA:5088,QUEUEdequeue
FN:50,QUEUEclear
FNDA:0,QUEUEclear
FN:60,QUEUEsize
FNDA:0,QUEUEsize
DA:3,5088
DA:5,5088
DA:6,5088
DA:7,5088
DA:8,5088
DA:11,1
DA:13,1
DA:14,1
DA:15,1
DA:16,1
DA:17,1
DA:20,0
DA:22,0
DA:25,5088
DA:27,5088
DA:28,5088
DA:29,3630
DA:30,3630
DA:31,3630
DA:33,1458
DA:34,1458
DA:37,5088
DA:39,5088
DA:40,0
DA:42,5088
DA:43,5088
DA:44,5088
DA:45,5088
DA:46,5088
DA:47,5088
DA:50,0
DA:52,0
DA:53,0
DA:54,0
DA:55,0
DA:56,0
DA:58,0
DA:60,0
DA:62,0
end_of_record
TN:
SF:/mnt/c/Users/nadim/Documents/Imperial/SoftwareReliability/software-reliability-/solvers/solver2/sat.c
FN:4,value
FNDA:73999,value
FN:14,addToWatchersOf
FNDA:24968,addToWatchersOf
FN:23,watchersOf
FNDA:19178,watchersOf
FN:32,currentDecisionLevel
FNDA:7906,currentDecisionLevel
FN:36,allVarsAssigned
FNDA:2818,allVarsAssigned
FN:43,staticVarOrder
FNDA:0,staticVarOrder
FN:60,selectVar
FNDA:2817,selectVar
FN:76,decide
FNDA:2817,decide
FN:93,enqueue
FNDA:5089,enqueue
FN:113,propagate
FNDA:2818,propagate
FN:170,undoOne
FNDA:0,undoOne
FN:182,cancel
FNDA:0,cancel
FN:198,cancelUntil
FNDA:0,cancelUntil
FN:204,varBumpActivity
FNDA:0,varBumpActivity
FN:211,varRescaleActivity
FNDA:0,varRescaleActivity
FN:218,varDecayActivity
FNDA:0,varDecayActivity
FN:224,printAssignments
FNDA:1,printAssignments
FN:234,learn
FNDA:0,learn
FN:244,analyze
FNDA:0,analyze
FN:308,solve
FNDA:1,solve
FN:365,initializeAssigments
FNDA:1,initializeAssigments
FN:372,initializeLevel
FNDA:1,initializeLevel
FN:379,initializeReason
FNDA:1,initializeReason
FN:386,initializeTrail
FNDA:1,initializeTrail
FN:392,initializeWatchers
FNDA:1,initializeWatchers
FN:401,initializeActivities
FNDA:1,initializeActivities
FN:408,initialize
FNDA:1,initialize
FN:434,destroy
FNDA:1,destroy
FN:450,termination_handler
FNDA:0,termination_handler
FN:455,main
FNDA:1,main
DA:4,73999
DA:5,73999
DA:6,5204
DA:7,3488
DA:8,1716
DA:9,1716
DA:11,68795
DA:14,24968
DA:16,24968
DA:17,14140
DA:19,10828
DA:20,24968
DA:21,24968
DA:23,19178
DA:25,19178
DA:26,14676
DA:28,4502
DA:29,19178
DA:32,7906
DA:33,7906
DA:36,2818
DA:37,6992490
DA:38,6992490
DA:40,1
DA:43,0
DA:46,0
DA:49,0
DA:51,0
DA:53,0
DA:54,0
DA:55,0
DA:58,0
DA:60,2817
DA:63,2817
DA:65,6987400
DA:66,6987400
DA:69,2817
DA:73,0
DA:76,2817
DA:77,2817
DA:78,2817
DA:80,2817
DA:81,2817
DA:83,2817
DA:86,2817
DA:88,2817
DA:89,2817
DA:93,5089
DA:94,5089
DA:95,0
DA:96,0
DA:97,5089
DA:98,1
DA:99,1
DA:101,5088
DA:102,5088
DA:104,5088
DA:105,5088
DA:106,5088
DA:108,5088
DA:109,5088
DA:113,2818
DA:114,2818
DA:115,7906
DA:117,5088
DA:119,5088
DA:120,5088
DA:122,5088
DA:124,5088
DA:127,14090
DA:128,9002
DA:131,5088
DA:134,5088
DA:135,3387
DA:137,1701
DA:139,5088
DA:141,14090
DA:142,9002
DA:143,9002
DA:144,9002
DA:148,0
DA:149,0
DA:153,0
DA:155,0
DA:156,0
DA:159,0
DA:162,9002
DA:163,9002
DA:167,2818
DA:170,0
DA:172,0
DA:173,0
DA:175,0
DA:176,0
DA:177,0
DA:179,0
DA:180,0
DA:182,0
DA:186,0
DA:187,0
DA:188,0
DA:190,0
DA:191,0
DA:192,0
DA:193,0
DA:196,0
DA:198,0
DA:199,0
DA:200,0
DA:201,0
DA:202,0
DA:204,0
DA:206,0
DA:207,0
DA:209,0
DA:211,0
DA:213,0
DA:214,0
DA:216,0
DA:218,0
DA:220,0
DA:222,0
DA:224,1
DA:226,5089
DA:227,5088
DA:228,1701
DA:229,5088
DA:231,1
DA:232,1
DA:234,0
DA:235,0
DA:236,0
DA:237,0
DA:238,0
DA:239,0
DA:240,0
DA:242,0
DA:244,0
DA:245,0
DA:247,0
DA:248,0
DA:249,0
DA:252,0
DA:254,0
DA:255,0
DA:258,0
DA:262,0
DA:263,0
DA:265,0
DA:267,0
DA:268,0
DA:269,0
DA:270,0
DA:271,0
DA:273,0
DA:274,0
DA:275,0
DA:276,0
DA:277,0
DA:281,0
DA:285,0
DA:288,0
DA:289,0
DA:290,0
DA:291,0
DA:292,0
DA:294,0
DA:296,0
DA:297,0
DA:298,0
DA:299,0
DA:301,0
DA:303,0
DA:305,0
DA:308,1
DA:311,1
DA:312,1
DA:315,2817
DA:316,2818
DA:318,2818
DA:320,2818
DA:322,2818
DA:323,1
DA:326,2817
DA:328,2817
DA:330,2817
DA:331,2817
DA:333,2817
DA:335,0
DA:336,0
DA:341,0
DA:343,0
DA:345,0
DA:348,0
DA:350,0
DA:352,0
DA:354,0
DA:356,0
DA:358,0
DA:360,0
DA:365,1
DA:366,1
DA:367,5090
DA:368,5089
DA:370,1
DA:372,1
DA:373,1
DA:374,5090
DA:375,5089
DA:377,1
DA:379,1
DA:380,1
DA:381,5090
DA:382,5089
DA:384,1
DA:386,1
DA:388,1
DA:389,1
DA:390,1
DA:392,1
DA:393,1
DA:394,10178
DA:395,10177
DA:398,1
DA:399,1
DA:401,1
DA:402,1
DA:403,5090
DA:404,5089
DA:406,1
DA:408,1
DA:410,1
DA:411,1
DA:414,1
DA:415,1
DA:416,1
DA:417,1
DA:419,1
DA:421,1
DA:423,1
DA:424,1
DA:426,1
DA:428,1
DA:430,1
DA:434,1
DA:436,1
DA:437,1
DA:438,1
DA:440,1
DA:442,1
DA:443,10178
DA:444,10177
DA:447,1
DA:448,1
DA:450,0
DA:452,0
DA:455,1
DA:456,1
DA:457,1
DA:458,1
DA:459,1
DA:460,1
DA:461,1
DA:462,1
DA:463,0
DA:464,0
DA:467,1
DA:468,1
DA:469,0
DA:470,0
DA:473,1
DA:474,1
DA:476,1
DA:477,1
DA:478,1
DA:480,0
DA:483,1
DA:485,1
end_of_record
TN:
SF:/mnt/c/Users/nadim/Documents/Imperial/SoftwareReliability/software-reliability-/solvers/solver2/var.c
FN:3,VARinit
FNDA:65251,VARinit
FN:10,VARisPositive
FNDA:0,VARisPositive
FN:14,neg
FNDA:37800,neg
DA:3,65251
DA:4,65251
DA:5,65251
DA:6,65251
DA:7,65251
DA:10,0
DA:11,0
DA:14,37800
DA:16,37800
DA:17,26742
DA:19,11058
DA:22,37800
DA:23,37800
end_of_record
TN:
SF:/mnt/c/Users/nadim/Documents/Imperial/SoftwareReliability/software-reliability-/solvers/solver2/vector.c
FN:3,VECTORinit
FNDA:23286,VECTORinit
FN:11,VECTORtotal
FNDA:195991,VECTORtotal
FN:15,VECTORresize
FNDA:15,VECTORresize
FN:23,VECTORadd
FNDA:62708,VECTORadd
FN:29,VECTORset
FNDA:18470,VECTORset
FN:34,VECTORget
FNDA:182812,VECTORget
FN:40,VECTORdelete
FNDA:11,VECTORdelete
FN:57,VECTORpop
FNDA:0,VECTORpop
FN:61,VECTORshrink
FNDA:0,VECTORshrink
FN:67,VECTORfree
FNDA:15267,VECTORfree
FN:72,VECTORswitchPlace
FNDA:0,VECTORswitchPlace
FN:78,VECTORshallowCopy
FNDA:0,VECTORshallowCopy
DA:3,23286
DA:4,23286
DA:5,23286
DA:6,23286
DA:7,23286
DA:8,23286
DA:11,195991
DA:12,195991
DA:15,15
DA:16,15
DA:17,15
DA:18,15
DA:19,15
DA:21,15
DA:23,62708
DA:24,62708
DA:25,15
DA:26,62708
DA:27,62708
DA:29,18470
DA:30,18470
DA:31,18470
DA:32,18470
DA:34,182812
DA:35,182812
DA:36,182812
DA:37,0
DA:40,11
DA:41,11
DA:42,0
DA:44,11
DA:46,22
DA:47,11
DA:48,11
DA:51,11
DA:53,11
DA:54,0
DA:57,0
DA:58,0
DA:59,0
DA:61,0
DA:62,0
DA:63,0
DA:65,0
DA:67,15267
DA:68,15267
DA:69,15267
DA:72,0
DA:73,0
DA:74,0
DA:75,0
DA:76,0
DA:78,0
DA:79,0
DA:81,0
DA:82,0
DA:85,0
end_of_record
TN:
SF:/mnt/c/Users/nadim/Documents/Imperial/SoftwareReliability/software-reliability-/solvers/solver3/sat.c
FN:38,abscmpfunc
FNDA:56039,abscmpfunc
FN:43,termination_handler
FNDA:0,termination_handler
FN:48,main
FNDA:1,main
FN:143,assign
FNDA:3359,assign
FN:168,consistent
FNDA:845,consistent
FN:176,contains_empty
FNDA:844,contains_empty
FN:184,find_unit_literal
FNDA:2933,find_unit_literal
FN:193,find_pure_literal
FNDA:1272,find_pure_literal
FN:222,choose_literal
FNDA:844,choose_literal
FN:233,DPLL
FNDA:845,DPLL
FN:265,copy
FNDA:844,copy
FN:311,remove_lit
FNDA:10368,remove_lit
FN:326,binary_search
FNDA:10368,binary_search
DA:38,56039
DA:39,56039
DA:43,0
DA:45,0
DA:48,1
DA:49,1
DA:50,1
DA:51,1
DA:52,1
DA:53,1
DA:54,1
DA:56,1
DA:57,0
DA:58,0
DA:60,1
DA:61,1
DA:63,1
DA:64,0
DA:65,0
DA:69,1
DA:71,1
DA:73,1
DA:75,1
DA:76,1
DA:77,1
DA:78,1
DA:79,1
DA:82,8019
DA:83,8018
DA:85,8018
DA:86,8018
DA:88,8018
DA:89,32642
DA:90,32638
DA:91,32638
DA:93,24624
DA:94,0
DA:95,0
DA:98,24624
DA:100,24624
DA:102,24624
DA:103,24624
DA:105,24624
DA:106,5086
DA:108,24624
DA:112,1
DA:115,5089
DA:116,5088
DA:117,5086
DA:121,8019
DA:122,8018
DA:125,1
DA:126,1
DA:127,5088
DA:128,5087
DA:129,5087
DA:131,5087
DA:133,1
DA:134,1
DA:135,1
DA:137,0
DA:140,1
DA:143,3359
DA:144,3359
DA:146,3359
DA:148,3359
DA:149,3359
DA:150,24542
DA:151,21183
DA:152,21183
DA:154,21183
DA:155,21183
DA:157,10815
DA:159,10368
DA:165,3359
DA:168,845
DA:169,1184480
DA:170,1184480
DA:172,1
DA:176,844
DA:177,6768040
DA:178,6767190
DA:181,844
DA:184,2933
DA:185,15005800
DA:186,15005000
DA:187,2088
DA:190,845
DA:193,1272
DA:194,6265400
DA:195,6264550
DA:197,465732
DA:198,465732
DA:200,465732
DA:201,1176520
DA:202,961744
DA:203,399939
DA:205,561805
DA:206,251380
DA:207,310425
DA:208,250953
DA:209,250953
DA:214,465732
DA:215,427
DA:219,845
DA:222,844
DA:223,1176460
DA:224,1176460
DA:225,844
DA:229,0
DA:233,845
DA:234,845
DA:238,2933
DA:239,2088
DA:244,1272
DA:245,427
DA:248,845
DA:249,1
DA:252,844
DA:253,0
DA:256,844
DA:259,844
DA:260,844
DA:261,0
DA:265,844
DA:266,844
DA:267,844
DA:269,844
DA:270,844
DA:271,844
DA:272,844
DA:273,844
DA:274,844
DA:277,6768040
DA:278,6767190
DA:279,4699600
DA:280,4699600
DA:283,2067590
DA:284,2067590
DA:286,2067590
DA:287,2067590
DA:289,0
DA:292,2067590
DA:295,4295120
DA:296,4294270
DA:298,4294270
DA:299,4294270
DA:302,4294270
DA:305,844
DA:306,844
DA:308,844
DA:311,10368
DA:312,10368
DA:313,10368
DA:315,10368
DA:316,10368
DA:318,19506
DA:319,13409
DA:322,6097
DA:326,10368
DA:327,10368
DA:328,10368
DA:329,10368
DA:331,21586
DA:332,17315
DA:334,17315
DA:335,6097
DA:337,11218
DA:338,2680
DA:340,8538
DA:344,4271
end_of_record
